<?xml version="1.0" encoding="UTF-8" ?>
<testsuite errors="0" failures="8" hostname="DESKTOP-6UP0OQT" name="sistemaAutogestion.IObligatorioTest" skipped="0" tests="44" time="0.255" timestamp="2024-06-11T11:30:58">
  <properties>
    <property name="libs.spring-framework300.classpath" value="C:\Program Files\NetBeans-21\netbeans\platform\modules\org-apache-commons-logging.jar;C:\Program Files\NetBeans-21\netbeans\java\modules\ext\cglib-2.2.jar;C:\Program Files\NetBeans-21\netbeans\java\modules\ext\spring-3.0\spring-aop-3.2.18.RELEASE.jar;C:\Program Files\NetBeans-21\netbeans\java\modules\ext\spring-3.0\spring-aspects-3.2.18.RELEASE.jar;C:\Program Files\NetBeans-21\netbeans\java\modules\ext\spring-3.0\spring-beans-3.2.18.RELEASE.jar;C:\Program Files\NetBeans-21\netbeans\java\modules\ext\spring-3.0\spring-context-3.2.18.RELEASE.jar;C:\Program Files\NetBeans-21\netbeans\java\modules\ext\spring-3.0\spring-context-support-3.2.18.RELEASE.jar;C:\Program Files\NetBeans-21\netbeans\java\modules\ext\spring-3.0\spring-core-3.2.18.RELEASE.jar;C:\Program Files\NetBeans-21\netbeans\java\modules\ext\spring-3.0\spring-expression-3.2.18.RELEASE.jar;C:\Program Files\NetBeans-21\netbeans\java\modules\ext\spring-3.0\spring-instrument-3.2.18.RELEASE.jar;C:\Program Files\NetBeans-21\netbeans\java\modules\ext\spring-3.0\spring-instrument-tomcat-3.2.18.RELEASE.jar;C:\Program Files\NetBeans-21\netbeans\java\modules\ext\spring-3.0\spring-jdbc-3.2.18.RELEASE.jar;C:\Program Files\NetBeans-21\netbeans\java\modules\ext\spring-3.0\spring-jms-3.2.18.RELEASE.jar;C:\Program Files\NetBeans-21\netbeans\java\modules\ext\spring-3.0\spring-orm-3.2.18.RELEASE.jar;C:\Program Files\NetBeans-21\netbeans\java\modules\ext\spring-3.0\spring-oxm-3.2.18.RELEASE.jar;C:\Program Files\NetBeans-21\netbeans\java\modules\ext\spring-3.0\spring-struts-3.2.18.RELEASE.jar;C:\Program Files\NetBeans-21\netbeans\java\modules\ext\spring-3.0\spring-test-3.2.18.RELEASE.jar;C:\Program Files\NetBeans-21\netbeans\java\modules\ext\spring-3.0\spring-tx-3.2.18.RELEASE.jar;C:\Program Files\NetBeans-21\netbeans\java\modules\ext\spring-3.0\spring-web-3.2.18.RELEASE.jar;C:\Program Files\NetBeans-21\netbeans\java\modules\ext\spring-3.0\spring-webmvc-3.2.18.RELEASE.jar;C:\Program Files\NetBeans-21\netbeans\java\modules\ext\spring-3.0\spring-webmvc-portlet-3.2.18.RELEASE.jar" />
    <property name="javac.test.classpath" value=":build/classes:C:\Program Files\NetBeans-21\netbeans\platform\modules\ext\junit-4.13.2.jar:C:\Program Files\NetBeans-21\netbeans\platform\modules\ext\hamcrest-core-1.3.jar" />
    <property name="java.specification.version" value="22" />
    <property name="jar.index.metainf" value="false" />
    <property name="libs.spring-framework500.classpath" value="C:\Program Files\NetBeans-21\netbeans\platform\modules\org-apache-commons-logging.jar;C:\Program Files\NetBeans-21\netbeans\java\modules\ext\cglib-2.2.jar;C:\Program Files\NetBeans-21\netbeans\java\modules\ext\spring-5\spring-aop-5.2.9.RELEASE.jar;C:\Program Files\NetBeans-21\netbeans\java\modules\ext\spring-5\spring-aspects-5.2.9.RELEASE.jar;C:\Program Files\NetBeans-21\netbeans\java\modules\ext\spring-5\spring-beans-5.2.9.RELEASE.jar;C:\Program Files\NetBeans-21\netbeans\java\modules\ext\spring-5\spring-context-5.2.9.RELEASE.jar;C:\Program Files\NetBeans-21\netbeans\java\modules\ext\spring-5\spring-context-indexer-5.2.9.RELEASE.jar;C:\Program Files\NetBeans-21\netbeans\java\modules\ext\spring-5\spring-context-support-5.2.9.RELEASE.jar;C:\Program Files\NetBeans-21\netbeans\java\modules\ext\spring-5\spring-core-5.2.9.RELEASE.jar;C:\Program Files\NetBeans-21\netbeans\java\modules\ext\spring-5\spring-expression-5.2.9.RELEASE.jar;C:\Program Files\NetBeans-21\netbeans\java\modules\ext\spring-5\spring-instrument-5.2.9.RELEASE.jar;C:\Program Files\NetBeans-21\netbeans\java\modules\ext\spring-5\spring-jcl-5.2.9.RELEASE.jar;C:\Program Files\NetBeans-21\netbeans\java\modules\ext\spring-5\spring-jdbc-5.2.9.RELEASE.jar;C:\Program Files\NetBeans-21\netbeans\java\modules\ext\spring-5\spring-jms-5.2.9.RELEASE.jar;C:\Program Files\NetBeans-21\netbeans\java\modules\ext\spring-5\spring-messaging-5.2.9.RELEASE.jar;C:\Program Files\NetBeans-21\netbeans\java\modules\ext\spring-5\spring-orm-5.2.9.RELEASE.jar;C:\Program Files\NetBeans-21\netbeans\java\modules\ext\spring-5\spring-oxm-5.2.9.RELEASE.jar;C:\Program Files\NetBeans-21\netbeans\java\modules\ext\spring-5\spring-test-5.2.9.RELEASE.jar;C:\Program Files\NetBeans-21\netbeans\java\modules\ext\spring-5\spring-tx-5.2.9.RELEASE.jar;C:\Program Files\NetBeans-21\netbeans\java\modules\ext\spring-5\spring-web-5.2.9.RELEASE.jar;C:\Program Files\NetBeans-21\netbeans\java\modules\ext\spring-5\spring-webflux-5.2.9.RELEASE.jar;C:\Program Files\NetBeans-21\netbeans\java\modules\ext\spring-5\spring-webmvc-5.2.9.RELEASE.jar;C:\Program Files\NetBeans-21\netbeans\java\modules\ext\spring-5\spring-websocket-5.2.9.RELEASE.jar" />
    <property name="libs.spring-framework400.classpath" value="C:\Program Files\NetBeans-21\netbeans\platform\modules\org-apache-commons-logging.jar;C:\Program Files\NetBeans-21\netbeans\java\modules\ext\cglib-2.2.jar;C:\Program Files\NetBeans-21\netbeans\java\modules\ext\spring-4\spring-aop-4.3.29.RELEASE.jar;C:\Program Files\NetBeans-21\netbeans\java\modules\ext\spring-4\spring-aspects-4.3.29.RELEASE.jar;C:\Program Files\NetBeans-21\netbeans\java\modules\ext\spring-4\spring-beans-4.3.29.RELEASE.jar;C:\Program Files\NetBeans-21\netbeans\java\modules\ext\spring-4\spring-context-4.3.29.RELEASE.jar;C:\Program Files\NetBeans-21\netbeans\java\modules\ext\spring-4\spring-context-support-4.3.29.RELEASE.jar;C:\Program Files\NetBeans-21\netbeans\java\modules\ext\spring-4\spring-core-4.3.29.RELEASE.jar;C:\Program Files\NetBeans-21\netbeans\java\modules\ext\spring-4\spring-expression-4.3.29.RELEASE.jar;C:\Program Files\NetBeans-21\netbeans\java\modules\ext\spring-4\spring-instrument-4.3.29.RELEASE.jar;C:\Program Files\NetBeans-21\netbeans\java\modules\ext\spring-4\spring-instrument-tomcat-4.3.29.RELEASE.jar;C:\Program Files\NetBeans-21\netbeans\java\modules\ext\spring-4\spring-jdbc-4.3.29.RELEASE.jar;C:\Program Files\NetBeans-21\netbeans\java\modules\ext\spring-4\spring-jms-4.3.29.RELEASE.jar;C:\Program Files\NetBeans-21\netbeans\java\modules\ext\spring-4\spring-messaging-4.3.29.RELEASE.jar;C:\Program Files\NetBeans-21\netbeans\java\modules\ext\spring-4\spring-orm-4.3.29.RELEASE.jar;C:\Program Files\NetBeans-21\netbeans\java\modules\ext\spring-4\spring-oxm-4.3.29.RELEASE.jar;C:\Program Files\NetBeans-21\netbeans\java\modules\ext\spring-4\spring-test-4.3.29.RELEASE.jar;C:\Program Files\NetBeans-21\netbeans\java\modules\ext\spring-4\spring-tx-4.3.29.RELEASE.jar;C:\Program Files\NetBeans-21\netbeans\java\modules\ext\spring-4\spring-web-4.3.29.RELEASE.jar;C:\Program Files\NetBeans-21\netbeans\java\modules\ext\spring-4\spring-webmvc-4.3.29.RELEASE.jar;C:\Program Files\NetBeans-21\netbeans\java\modules\ext\spring-4\spring-webmvc-portlet-4.3.29.RELEASE.jar;C:\Program Files\NetBeans-21\netbeans\java\modules\ext\spring-4\spring-websocket-4.3.29.RELEASE.jar" />
    <property name="libs.spring-webmvc4.0.javadoc" value="" />
    <property name="test.binaryincludes" value="&lt;nothing&gt;" />
    <property name="do.jlink" value="false" />
    <property name="debug-transport" value="dt_shmem" />
    <property name="libs.javaee-web-api-8.0.src" value="" />
    <property name="java.vendor.url" value="https://java.oracle.com/" />
    <property name="debug.modulepath" value="" />
    <property name="libs.eclipselink.javadoc" value="C:\Program Files\NetBeans-21\netbeans\java\modules\ext\docs\jakarta.persistence-2.2.3-doc.zip" />
    <property name="libs.jsp-compilation.src" value="" />
    <property name="libs.JWSAntTasks.javadoc" value="" />
    <property name="sun.boot.library.path" value="C:\Program Files\Java\jdk-22\bin" />
    <property name="sun.java.command" value="org.apache.tools.ant.taskdefs.optional.junit.JUnitTestRunner sistemaAutogestion.IObligatorioTest skipNonTests=false filtertrace=true haltOnError=false haltOnFailure=false showoutput=true outputtoformatters=true logfailedtests=true threadid=0 logtestlistenerevents=true formatter=org.apache.tools.ant.taskdefs.optional.junit.BriefJUnitResultFormatter formatter=org.apache.tools.ant.taskdefs.optional.junit.XMLJUnitResultFormatter,D:\DropBox\Dropbox\ORT Tercer Semestre\0 - OBLIGATORIOS\Algoritmos\Entrega\SistemaAerolineas Mar2024\build\test\results\TEST-sistemaAutogestion.IObligatorioTest.xml crashfile=D:\DropBox\Dropbox\ORT Tercer Semestre\0 - OBLIGATORIOS\Algoritmos\Entrega\SistemaAerolineas Mar2024\build\junitvmwatcher4784723423340479270.properties propsfile=D:\DropBox\Dropbox\ORT Tercer Semestre\0 - OBLIGATORIOS\Algoritmos\Entrega\SistemaAerolineas Mar2024\build\junit1019604945855567960.properties" />
    <property name="jdk.debug" value="release" />
    <property name="libs.spring-framework300.src" value="" />
    <property name="javadoc.use" value="true" />
    <property name="javadoc.notree" value="false" />
    <property name="basedir" value="D:\DropBox\Dropbox\ORT Tercer Semestre\0 - OBLIGATORIOS\Algoritmos\Entrega\SistemaAerolineas Mar2024" />
    <property name="application.vendor" value="pesce" />
    <property name="java.vm.specification.vendor" value="Oracle Corporation" />
    <property name="java.specification.name" value="Java Platform API Specification" />
    <property name="libs.jsf20.classpath" value="C:\Program Files\NetBeans-21\netbeans\enterprise\modules\ext\jsf-2_2\javax.faces.jar" />
    <property name="netbeans.extbrowser.manual_chrome_plugin_install" value="yes" />
    <property name="libs.jakartaee-api-10.0.maven-pom" value="" />
    <property name="libs.spring-framework500.javadoc" value="" />
    <property name="netbeans.default_userdir_root" value="C:\Users\Ryzen\AppData\Roaming\NetBeans" />
    <property name="libs.jsp-compilation-syscp.src" value="" />
    <property name="jdk.home" value="C:\Program Files\Java\jdk-22" />
    <property name="java.runtime.version" value="22+36-2370" />
    <property name="libs.eclipselink.maven-pom" value="" />
    <property name="libs.metro.maven-pom" value="" />
    <property name="libs.JAXB-ENDORSED.javadoc" value="" />
    <property name="sun.java2d.noddraw" value="true" />
    <property name="libs.jsf12.src" value="" />
    <property name="libs.primefaces.javadoc" value="" />
    <property name="libs.jsp-compilation.javadoc" value="" />
    <property name="libs.groovy-all.maven-pom" value="" />
    <property name="libs.restapi.src" value="" />
    <property name="libs.junit_5.javadoc" value="C:\Program Files\NetBeans-21\netbeans\platform\docs\junit-jupiter-api-5.6.0-javadoc.jar;C:\Program Files\NetBeans-21\netbeans\platform\docs\junit-jupiter-params-5.6.0-javadoc.jar;C:\Program Files\NetBeans-21\netbeans\platform\docs\junit-jupiter-engine-5.6.0-javadoc.jar" />
    <property name="dist.archive.excludes" value="" />
    <property name="java.io.tmpdir" value="C:\Users\Ryzen\AppData\Local\Temp\" />
    <property name="java.version" value="22" />
    <property name="java.vm.specification.name" value="Java Virtual Machine Specification" />
    <property name="libs.jakartaee-api-8.0.javadoc" value="C:\Program Files\NetBeans-21\netbeans\enterprise\docs\jakartaee8-doc-api.jar" />
    <property name="native.encoding" value="Cp1252" />
    <property name="libs.hamcrest.src" value="" />
    <property name="java.library.path" value="C:\Program Files\Java\jdk-22\bin;C:\Windows\Sun\Java\bin;C:\Windows\system32;C:\Windows;C:\Program Files\Common Files\Oracle\Java\javapath;C:\Program Files\Microsoft\jdk-11.0.16.101-hotspot\bin;C:\Windows\system32;C:\Windows;C:\Windows\System32\Wbem;C:\Windows\System32\WindowsPowerShell\v1.0\;C:\Windows\System32\OpenSSH\;C:\ProgramData\chocolatey\bin;C:\Program Files\nodejs\;C:\Program Files\Git\cmd;C:\Program Files\Microsoft SQL Server\Client SDK\ODBC\170\Tools\Binn\;C:\Program Files\Microsoft SQL Server\150\Tools\Binn\;C:\Program Files\dotnet\;C:\Program Files (x86)\Microsoft SQL Server\160\Tools\Binn\;C:\Program Files\Microsoft SQL Server\160\Tools\Binn\;C:\Program Files\Microsoft SQL Server\160\DTS\Binn\;C:\Program Files (x86)\Microsoft SQL Server\160\DTS\Binn\;C:\Program Files\Azure Data Studio\bin;C:\Program Files (x86)\Yarn\bin\;C:\Program Files (x86)\NVIDIA Corporation\PhysX\Common;C:\Gradle\gradle-7.6.4\bin;;C:\Program Files\NVIDIA Corporation\NVIDIA NvDLISR;C:\Users\Ryzen\AppData\Local\Microsoft\WindowsApps;C:\Users\Ryzen\AppData\Local\Programs\Microsoft VS Code\bin;C:\Program Files\JetBrains\IntelliJ IDEA 2022.3.2\bin;;C:\Program Files\PostgreSQL\13\bin;C:\Program Files\BellSoft\apache-maven-3.8.7\bin;C:\Users\Ryzen\AppData\Roaming\npm;C:\Users\Ryzen\AppData\Local\Android\Sdk\platform-tools;C:\Users\Ryzen\.dotnet\tools;C:\Program Files\Azure Data Studio\bin;C:\Program Files\Azure Data Studio\bin;C:\Users\Ryzen\AppData\Local\Yarn\bin;." />
    <property name="java.vendor" value="Oracle Corporation" />
    <property name="libs.groovy-all.src" value="" />
    <property name="libs.testng.javadoc" value="C:\Program Files\NetBeans-21\netbeans\platform\docs\testng-6.13.1-javadoc.jar" />
    <property name="meta.inf.dir" value="src/META-INF" />
    <property name="compile.on.save" value="true" />
    <property name="jlink.additionalparam" value="" />
    <property name="libs.testng.maven-pom" value="" />
    <property name="org.openide.version" value="deprecated" />
    <property name="run.classpath" value=":build/classes" />
    <property name="libs.jaxb.src" value="" />
    <property name="sun.awt.enableExtraMouseButtons" value="true" />
    <property name="test.src.dir" value="test" />
    <property name="org.openide.major.version" value="IDE/1" />
    <property name="libs.spring-framework300.javadoc" value="" />
    <property name="ap.proc.none.internal" value="" />
    <property name="org.openide.specification.version" value="6.2" />
    <property name="user.timezone" value="America/Montevideo" />
    <property name="jar.index" value="false" />
    <property name="libs.jpa20-persistence.classpath" value="C:\Program Files\NetBeans-21\netbeans\java\modules\ext\eclipselink\jakarta.persistence-2.2.3.jar" />
    <property name="libs.eclipselinkmodelgen.javadoc" value="" />
    <property name="java.vm.specification.version" value="22" />
    <property name="libs.junit_5.classpath" value="C:\Program Files\NetBeans-21\netbeans\platform\modules\ext\junit-jupiter-api-5.6.0.jar;C:\Program Files\NetBeans-21\netbeans\platform\modules\ext\junit-jupiter-params-5.6.0.jar;C:\Program Files\NetBeans-21\netbeans\platform\modules\ext\junit-jupiter-engine-5.6.0.jar" />
    <property name="javadoc.noindex" value="false" />
    <property name="javadoc.private" value="false" />
    <property name="platforms.JDK_22.home" value="C:\Program Files\Java\jdk-22" />
    <property name="ant.file.SistemaAerolineas_2024" value="D:\DropBox\Dropbox\ORT Tercer Semestre\0 - OBLIGATORIOS\Algoritmos\Entrega\SistemaAerolineas Mar2024\build.xml" />
    <property name="libs.spring-webmvc4.0.maven-pom" value="" />
    <property name="libs.JAXB-ENDORSED.maven-pom" value="" />
    <property name="user.home" value="C:\Users\Ryzen" />
    <property name="libs.eclipselinkmodelgen.maven-pom" value="" />
    <property name="have.sources" value="true" />
    <property name="annotation.processing.processors.list" value="" />
    <property name="javac.deprecation" value="false" />
    <property name="jlink.launcher" value="true" />
    <property name="build.generated.sources.dir" value="build/generated-sources" />
    <property name="plugin.manager.check.updates" value="false" />
    <property name="netbeans.autoupdate.language" value="en" />
    <property name="build.compiler.emacs" value="true" />
    <property name="libs.eclipselinkmodelgen.src" value="" />
    <property name="build.classes.excludes" value="**/*.java,**/*.form" />
    <property name="dist.jar" value="dist/SistemaAerolineas_2024.jar" />
    <property name="libs.jakartaee-web-api-9.0.classpath" value="C:\Program Files\NetBeans-21\netbeans\enterprise\modules\ext\jakarta.jakartaee-web-api-9.0.0.jar" />
    <property name="libs.spring-webmvc4.0.classpath" value="C:\Program Files\NetBeans-21\netbeans\java\modules\ext\spring-4\spring-webmvc-4.3.29.RELEASE.jar" />
    <property name="libs.javaee-endorsed-api-7.0.javadoc" value="C:\Program Files\NetBeans-21\netbeans\enterprise\docs\javaee-doc-api.jar" />
    <property name="os.version" value="10.0" />
    <property name="jna.nosys" value="false" />
    <property name="netbeans.home" value="C:\Program Files\NetBeans-21\netbeans\platform" />
    <property name="libs.CopyLibs.javadoc" value="" />
    <property name="debug-transport-by-os" value="dt_shmem" />
    <property name="libs.jsf20.src" value="" />
    <property name="libs.javaee-api-8.0.javadoc" value="C:\Program Files\NetBeans-21\netbeans\enterprise\docs\javaee-doc-api.jar" />
    <property name="java.vm.name" value="Java HotSpot(TM) 64-Bit Server VM" />
    <property name="libs.jakartaee-api-10.0.javadoc" value="C:\Program Files\NetBeans-21\netbeans\enterprise\docs\jakartaee10-doc-api.jar" />
    <property name="libs.jstl.javadoc" value="C:\Program Files\NetBeans-21\netbeans\enterprise\docs\javaee-doc-api.jar" />
    <property name="libs.javaee-endorsed-api-7.0.maven-pom" value="" />
    <property name="libs.jaxws21.classpath" value="C:\Program Files\NetBeans-21\netbeans\java\modules\ext\jaxws22\api\jakarta.jws-api.jar;C:\Program Files\NetBeans-21\netbeans\java\modules\ext\jaxws22\api\jakarta.xml.soap-api.jar;C:\Program Files\NetBeans-21\netbeans\java\modules\ext\jaxws22\api\jakarta.xml.ws-api.jar;C:\Program Files\NetBeans-21\netbeans\java\modules\ext\jaxws22\FastInfoset.jar;C:\Program Files\NetBeans-21\netbeans\java\modules\ext\jaxws22\gmbal-api-only.jar;C:\Program Files\NetBeans-21\netbeans\java\modules\ext\jaxws22\ha-api.jar;C:\Program Files\NetBeans-21\netbeans\java\modules\ext\jaxws22\jakarta.mail.jar;C:\Program Files\NetBeans-21\netbeans\java\modules\ext\jaxws22\jaxws-rt.jar;C:\Program Files\NetBeans-21\netbeans\java\modules\ext\jaxws22\jaxws-tools.jar;C:\Program Files\NetBeans-21\netbeans\java\modules\ext\jaxws22\management-api.jar;C:\Program Files\NetBeans-21\netbeans\java\modules\ext\jaxws22\mimepull.jar;C:\Program Files\NetBeans-21\netbeans\java\modules\ext\jaxws22\policy.jar;C:\Program Files\NetBeans-21\netbeans\java\modules\ext\jaxws22\saaj-impl.jar;C:\Program Files\NetBeans-21\netbeans\java\modules\ext\jaxws22\stax-ex.jar;C:\Program Files\NetBeans-21\netbeans\java\modules\ext\jaxws22\stax2-api.jar;C:\Program Files\NetBeans-21\netbeans\java\modules\ext\jaxws22\streambuffer.jar;C:\Program Files\NetBeans-21\netbeans\java\modules\ext\jaxws22\woodstox-core.jar;C:\Program Files\NetBeans-21\netbeans\ide\modules\ext\jaxb\api\jaxb-api.jar;C:\Program Files\NetBeans-21\netbeans\ide\modules\ext\jaxb\activation.jar;C:\Program Files\NetBeans-21\netbeans\ide\modules\ext\jaxb\jaxb-impl.jar;C:\Program Files\NetBeans-21\netbeans\ide\modules\ext\jaxb\jaxb-xjc.jar" />
    <property name="libs.restapi.classpath" value="C:\Program Files\NetBeans-21\netbeans\enterprise\modules\ext\jaxrs-2.1\jakarta.ws.rs-api-2.1.6.jar" />
    <property name="os.arch" value="amd64" />
    <property name="build.generated.dir" value="build/generated" />
    <property name="libs.groovy-all.javadoc" value="" />
    <property name="libs.jakartaee-api-8.0.classpath" value="C:\Program Files\NetBeans-21\netbeans\enterprise\modules\ext\jakarta.jakartaee-api-8.0.0.jar" />
    <property name="libs.javaee-web-api-7.0.javadoc" value="C:\Program Files\NetBeans-21\netbeans\enterprise\docs\javaee-doc-api.jar" />
    <property name="libs.javaee-endorsed-api-6.0.src" value="" />
    <property name="libs.jsf12.maven-pom" value="" />
    <property name="libs.javaee-endorsed-api-7.0.classpath" value="C:\Program Files\NetBeans-21\netbeans\enterprise\modules\ext\javaee7-endorsed\javax.annotation-api.jar;C:\Program Files\NetBeans-21\netbeans\enterprise\modules\ext\javaee7-endorsed\javax.xml.soap-api.jar;C:\Program Files\NetBeans-21\netbeans\enterprise\modules\ext\javaee7-endorsed\jaxb-api-osgi.jar;C:\Program Files\NetBeans-21\netbeans\enterprise\modules\ext\javaee7-endorsed\jaxws-api.jar;C:\Program Files\NetBeans-21\netbeans\enterprise\modules\ext\javaee7-endorsed\jsr181-api.jar" />
    <property name="libs.primefaces.maven-pom" value="" />
    <property name="org.netbeans.io.suspend" value="0" />
    <property name="ant.project.name" value="SistemaAerolineas_2024" />
    <property name="dist.javadoc.dir" value="dist/javadoc" />
    <property name="default.javac.target" value="22" />
    <property name="javac.fork" value="true" />
    <property name="libs.eclipselink.classpath" value="C:\Program Files\NetBeans-21\netbeans\java\modules\ext\eclipselink\org.eclipse.persistence.core-2.7.12.jar;C:\Program Files\NetBeans-21\netbeans\java\modules\ext\eclipselink\org.eclipse.persistence.asm-9.4.0.jar;C:\Program Files\NetBeans-21\netbeans\java\modules\ext\eclipselink\org.eclipse.persistence.antlr-2.7.12.jar;C:\Program Files\NetBeans-21\netbeans\java\modules\ext\eclipselink\org.eclipse.persistence.jpa-2.7.12.jar;C:\Program Files\NetBeans-21\netbeans\java\modules\ext\eclipselink\org.eclipse.persistence.jpa.jpql-2.7.12.jar;C:\Program Files\NetBeans-21\netbeans\java\modules\ext\eclipselink\org.eclipse.persistence.moxy-2.7.12.jar;C:\Program Files\NetBeans-21\netbeans\java\modules\ext\eclipselink\jakarta.persistence-2.2.3.jar" />
    <property name="libs.struts.classpath" value="C:\Program Files\NetBeans-21\netbeans\enterprise\modules\ext\struts\antlr-2.7.2.jar;C:\Program Files\NetBeans-21\netbeans\enterprise\modules\ext\struts\bsf-2.3.0.jar;C:\Program Files\NetBeans-21\netbeans\enterprise\modules\ext\struts\commons-beanutils-1.8.0.jar;C:\Program Files\NetBeans-21\netbeans\enterprise\modules\ext\struts\commons-chain-1.2.jar;C:\Program Files\NetBeans-21\netbeans\enterprise\modules\ext\struts\commons-digester-1.8.jar;C:\Program Files\NetBeans-21\netbeans\enterprise\modules\ext\struts\commons-fileupload-1.1.1.jar;C:\Program Files\NetBeans-21\netbeans\enterprise\modules\ext\struts\commons-io-1.1.jar;C:\Program Files\NetBeans-21\netbeans\enterprise\modules\ext\struts\commons-logging-1.0.4.jar;C:\Program Files\NetBeans-21\netbeans\enterprise\modules\ext\struts\commons-validator-1.3.1.jar;C:\Program Files\NetBeans-21\netbeans\enterprise\modules\ext\struts\jstl-1.0.2.jar;C:\Program Files\NetBeans-21\netbeans\enterprise\modules\ext\struts\oro-2.0.8.jar;C:\Program Files\NetBeans-21\netbeans\enterprise\modules\ext\struts\standard-1.0.6.jar;C:\Program Files\NetBeans-21\netbeans\enterprise\modules\ext\struts\struts-core-1.3.10.jar;C:\Program Files\NetBeans-21\netbeans\enterprise\modules\ext\struts\struts-el-1.3.10.jar;C:\Program Files\NetBeans-21\netbeans\enterprise\modules\ext\struts\struts-extras-1.3.10.jar;C:\Program Files\NetBeans-21\netbeans\enterprise\modules\ext\struts\struts-faces-1.3.10.jar;C:\Program Files\NetBeans-21\netbeans\enterprise\modules\ext\struts\struts-mailreader-dao-1.3.10.jar;C:\Program Files\NetBeans-21\netbeans\enterprise\modules\ext\struts\struts-scripting-1.3.10.jar;C:\Program Files\NetBeans-21\netbeans\enterprise\modules\ext\struts\struts-taglib-1.3.10.jar;C:\Program Files\NetBeans-21\netbeans\enterprise\modules\ext\struts\struts-tiles-1.3.10.jar" />
    <property name="libs.PostgreSQLDriver.maven-pom" value="" />
    <property name="libs.absolutelayout.src" value="" />
    <property name="testng.mode" value="testng" />
    <property name="annotation.processing.enabled.in.editor" value="false" />
    <property name="java.vm.compressedOopsMode" value="Zero based" />
    <property name="netbeans.productversion" value="Apache NetBeans IDE 21" />
    <property name="mkdist.disabled" value="false" />
    <property name="libs.javaee-web-api-6.0.javadoc" value="C:\Program Files\NetBeans-21\netbeans\enterprise\docs\javaee-doc-api.jar" />
    <property name="libs.groovy-all.classpath" value="C:\Program Files\NetBeans-21\netbeans\groovy\modules\ext\groovy-3.0.8.jar;C:\Program Files\NetBeans-21\netbeans\groovy\modules\ext\groovy-ant-3.0.8.jar" />
    <property name="libs.javaee-api-7.0.maven-pom" value="" />
    <property name="libs.absolutelayout.javadoc" value="" />
    <property name="annotation.processing.processor.options" value="" />
    <property name="libs.jaxb.maven-pom" value="" />
    <property name="libs.javaee-api-6.0.maven-pom" value="" />
    <property name="dist.dir" value="dist" />
    <property name="build.dir" value="build" />
    <property name="libs.graaljs.maven-pom" value="" />
    <property name="netbeans.autoupdate.variant" value="" />
    <property name="javadoc.version" value="false" />
    <property name="libs.metro.classpath" value="C:\Program Files\NetBeans-21\netbeans\ide\modules\ext\jaxb\activation.jar;C:\Program Files\NetBeans-21\netbeans\enterprise\modules\ext\metro\webservices-api.jar;C:\Program Files\NetBeans-21\netbeans\enterprise\modules\ext\metro\webservices-extra-api.jar;C:\Program Files\NetBeans-21\netbeans\enterprise\modules\ext\metro\webservices-extra.jar;C:\Program Files\NetBeans-21\netbeans\enterprise\modules\ext\metro\webservices-rt.jar;C:\Program Files\NetBeans-21\netbeans\enterprise\modules\ext\metro\webservices-tools.jar" />
    <property name="libs.metro.src" value="" />
    <property name="libs.CopyLibs.classpath" value="C:\Program Files\NetBeans-21\netbeans\java\ant\extra\org-netbeans-modules-java-j2seproject-copylibstask.jar" />
    <property name="sun.os.patch.level" value="" />
    <property name="javadoc.html5" value="false" />
    <property name="javac.test.processorpath" value=":build/classes:C:\Program Files\NetBeans-21\netbeans\platform\modules\ext\junit-4.13.2.jar:C:\Program Files\NetBeans-21\netbeans\platform\modules\ext\hamcrest-core-1.3.jar" />
    <property name="libs.javaee-web-api-7.0.maven-pom" value="" />
    <property name="libs.javaee-web-api-8.0.maven-pom" value="" />
    <property name="netbeans.dirs" value="C:\Program Files\NetBeans-21\netbeans\nb;C:\Program Files\NetBeans-21\netbeans\ergonomics;C:\Program Files\NetBeans-21\netbeans\ide;C:\Program Files\NetBeans-21\netbeans\extide;C:\Program Files\NetBeans-21\netbeans\java;C:\Program Files\NetBeans-21\netbeans\apisupport;C:\Program Files\NetBeans-21\netbeans\webcommon;C:\Program Files\NetBeans-21\netbeans\websvccommon;C:\Program Files\NetBeans-21\netbeans\enterprise;C:\Program Files\NetBeans-21\netbeans\mobility;C:\Program Files\NetBeans-21\netbeans\profiler;C:\Program Files\NetBeans-21\netbeans\python;C:\Program Files\NetBeans-21\netbeans\php;C:\Program Files\NetBeans-21\netbeans\identity;C:\Program Files\NetBeans-21\netbeans\harness;C:\Program Files\NetBeans-21\netbeans\cnd;C:\Program Files\NetBeans-21\netbeans\cndext;C:\Program Files\NetBeans-21\netbeans\cpplite;C:\Program Files\NetBeans-21\netbeans\dlight;C:\Program Files\NetBeans-21\netbeans\groovy;C:\Program Files\NetBeans-21\netbeans\extra;C:\Program Files\NetBeans-21\netbeans\javacard;C:\Program Files\NetBeans-21\netbeans\javafx;C:\Program Files\NetBeans-21\netbeans\rust" />
    <property name="libs.hamcrest.maven-pom" value="" />
    <property name="javac.processorpath" value="" />
    <property name="libs.javaee-api-6.0.javadoc" value="C:\Program Files\NetBeans-21\netbeans\enterprise\docs\javaee-doc-api.jar" />
    <property name="libs.JWSAntTasks.maven-pom" value="" />
    <property name="run.modulepath" value="" />
    <property name="do.archive+manifest.available" value="true" />
    <property name="apple.laf.useScreenMenuBar" value="true" />
    <property name="user.country" value="US" />
    <property name="sun.java.launcher" value="SUN_STANDARD" />
    <property name="libs.jakartaee-api-9.0.maven-pom" value="" />
    <property name="libs.jpa20-persistence.src" value="" />
    <property name="libs.restapi.javadoc" value="" />
    <property name="endorsed.classpath" value="" />
    <property name="javac.test.sourcepath" value="D:\DropBox\Dropbox\ORT Tercer Semestre\0 - OBLIGATORIOS\Algoritmos\Entrega\SistemaAerolineas Mar2024\build\empty" />
    <property name="libs.spring-webmvc3.0.maven-pom" value="" />
    <property name="includes" value="**" />
    <property name="libs.jsf12.javadoc" value="C:\Program Files\NetBeans-21\netbeans\enterprise\docs\javaee-doc-api.jar" />
    <property name="libs.hamcrest.classpath" value="C:\Program Files\NetBeans-21\netbeans\platform\modules\ext\hamcrest-core-1.3.jar" />
    <property name="javadoc.splitindex" value="true" />
    <property name="libs.JWSAntTasks.classpath" value="C:\Program Files\NetBeans-21\netbeans\java\ant\extra\org-netbeans-modules-javawebstart-anttasks.jar" />
    <property name="junit.available" value="true" />
    <property name="javac.processormodulepath" value="" />
    <property name="javadoc.encoding" value="UTF-8" />
    <property name="netbeans.hash.code" value="unique=NB_EXTIDE_JAVA_PHP_WEBCOMMON_WEBEE082b0f2f4-383e-4b88-8bb0-08f903a1c923_01ea0b5b-fd7c-4140-b5d4-5f5544222ecc" />
    <property name="libs.jsp-compilation-syscp.maven-pom" value="" />
    <property name="libs.jstl.src" value="" />
    <property name="jlink.strip" value="false" />
    <property name="ant.file.type.SistemaAerolineas_2024-impl" value="file" />
    <property name="libs.spring-webmvc3.0.classpath" value="C:\Program Files\NetBeans-21\netbeans\java\modules\ext\spring-3.0\spring-webmvc-3.2.18.RELEASE.jar" />
    <property name="java.runtime.name" value="Java(TM) SE Runtime Environment" />
    <property name="libs.jaxb.javadoc" value="C:\Program Files\NetBeans-21\netbeans\ide\docs\jaxb-api-doc.jar" />
    <property name="manifest.available" value="true" />
    <property name="libs.spring-framework500.maven-pom" value="" />
    <property name="run.jvmargs.ide" value="" />
    <property name="ant.core.lib" value="C:\Program Files\NetBeans-21\netbeans\extide\ant\lib\ant.jar" />
    <property name="libs.jsp-compilation.maven-pom" value="" />
    <property name="javac.profile.cmd.line.arg" value="" />
    <property name="libs.jakartaee-api-9.0.classpath" value="C:\Program Files\NetBeans-21\netbeans\enterprise\modules\ext\jakarta.jakartaee-api-9.0.0.jar" />
    <property name="application.title" value="SistemaAerolineas 2024" />
    <property name="do.archive+main.class.available" value="true" />
    <property name="javac.test.modulepath" value="" />
    <property name="libs.jakartaee-api-10.0.src" value="" />
    <property name="ignore.failing.tests" value="true" />
    <property name="libs.PostgreSQLDriver.javadoc" value="" />
    <property name="libs.jsp-compilation-syscp.classpath" value="C:\Program Files\NetBeans-21\netbeans\extide\ant\lib\ant.jar;C:\Program Files\NetBeans-21\netbeans\enterprise\modules\ext\servlet4.0-jsp2.3-api.jar;C:\Program Files\NetBeans-21\netbeans\enterprise\modules\ext\glassfish-jspparser-5.1.0.jar;C:\Program Files\NetBeans-21\netbeans\enterprise\modules\ext\jstl-impl.jar;C:\Program Files\NetBeans-21\netbeans\enterprise\modules\ext\jsf-2_2\javax.faces.jar" />
    <property name="libs.jsp-compilation.classpath" value="C:\Program Files\NetBeans-21\netbeans\extide\ant\lib\ant.jar;C:\Program Files\NetBeans-21\netbeans\enterprise\modules\ext\servlet4.0-jsp2.3-api.jar;C:\Program Files\NetBeans-21\netbeans\enterprise\modules\ext\glassfish-jspparser-5.1.0.jar;C:\Program Files\NetBeans-21\netbeans\enterprise\modules\ext\jsf-2_2\javax.faces.jar;C:\Program Files\NetBeans-21\netbeans\enterprise\modules\ext\jstl-api.jar;C:\Program Files\NetBeans-21\netbeans\extide\ant\lib\ant-launcher.jar" />
    <property name="libs.javaee-api-6.0.classpath" value="C:\Program Files\NetBeans-21\netbeans\enterprise\modules\ext\javaee-api-6.0.jar" />
    <property name="libs.javaee-api-7.0.classpath" value="C:\Program Files\NetBeans-21\netbeans\enterprise\modules\ext\javaee-api-7.0.jar" />
    <property name="sun.cpu.isalist" value="amd64" />
    <property name="libs.restapi.maven-pom" value="" />
    <property name="do.depend" value="false" />
    <property name="javadoc.preview" value="true" />
    <property name="libs.jakartaee-web-api-10.0.src" value="" />
    <property name="sun.arch.data.model" value="64" />
    <property name="libs.jakartaee-web-api-9.0.maven-pom" value="" />
    <property name="libs.javaee-endorsed-api-7.0.src" value="" />
    <property name="annotation.processing.enabled" value="true" />
    <property name="libs.junit_5.src" value="C:\Program Files\NetBeans-21\netbeans\platform\docs\junit-jupiter-api-5.6.0-sources.jar;C:\Program Files\NetBeans-21\netbeans\platform\docs\junit-jupiter-params-5.6.0-sources.jar;C:\Program Files\NetBeans-21\netbeans\platform\docs\junit-jupiter-engine-5.6.0-sources.jar" />
    <property name="libs.jaxb.classpath" value="C:\Program Files\NetBeans-21\netbeans\ide\modules\ext\jaxb\jaxb-impl.jar;C:\Program Files\NetBeans-21\netbeans\ide\modules\ext\jaxb\jaxb-xjc.jar;C:\Program Files\NetBeans-21\netbeans\ide\modules\ext\jaxb\activation.jar;C:\Program Files\NetBeans-21\netbeans\ide\modules\ext\jaxb\api\jaxb-api.jar" />
    <property name="libs.javaee-api-8.0.classpath" value="C:\Program Files\NetBeans-21\netbeans\enterprise\modules\ext\javaee-api-8.0.jar" />
    <property name="libs.CopyLibs.src" value="" />
    <property name="javac.source" value="1.8" />
    <property name="java.specification.vendor" value="Oracle Corporation" />
    <property name="java.version.date" value="2024-03-19" />
    <property name="java.home" value="C:\Program Files\Java\jdk-22" />
    <property name="work.dir" value="D:\DropBox\Dropbox\ORT Tercer Semestre\0 - OBLIGATORIOS\Algoritmos\Entrega\SistemaAerolineas Mar2024" />
    <property name="javac.test.compilerargs" value="" />
    <property name="jna.boot.library.name" value="jnidispatch-nb" />
    <property name="libs.PostgreSQLDriver.classpath" value="C:\Program Files\NetBeans-21\netbeans\ide\modules\ext\postgresql-42.5.4.jar" />
    <property name="libs.graaljs.javadoc" value="" />
    <property name="libs.spring-webmvc3.0.javadoc" value="" />
    <property name="libs.JAXB-ENDORSED.src" value="" />
    <property name="manifest.encoding" value="UTF-8" />
    <property name="user.script" value="" />
    <property name="libs.spring-framework400.src" value="" />
    <property name="sun.management.compiler" value="HotSpot 64-Bit Tiered Compilers" />
    <property name="run.test.modulepath" value="" />
    <property name="libs.graaljs.classpath" value="C:\Program Files\NetBeans-21\netbeans\webcommon\modules\ext\js-20.3.0.jar;C:\Program Files\NetBeans-21\netbeans\webcommon\modules\ext\js-launcher-20.3.0.jar;C:\Program Files\NetBeans-21\netbeans\webcommon\modules\ext\regex-20.3.0.jar;C:\Program Files\NetBeans-21\netbeans\webcommon\modules\ext\icu4j-67.1.jar;C:\Program Files\NetBeans-21\netbeans\ide\modules\ext\graal-sdk-20.3.0.jar;C:\Program Files\NetBeans-21\netbeans\ide\modules\ext\launcher-common-20.3.0.jar;C:\Program Files\NetBeans-21\netbeans\ide\modules\ext\truffle-api-20.3.0.jar" />
    <property name="libs.javaee-web-api-6.0.classpath" value="C:\Program Files\NetBeans-21\netbeans\enterprise\modules\ext\javaee-web-api-6.0.jar" />
    <property name="libs.jsp-compiler.javadoc" value="" />
    <property name="debug.test.modulepath" value="" />
    <property name="libs.javaee-web-api-7.0.classpath" value="C:\Program Files\NetBeans-21\netbeans\enterprise\modules\ext\javaee-web-api-7.0.jar" />
    <property name="file.encoding" value="UTF-8" />
    <property name="java.util.logging.config.class" value="org.netbeans.core.startup.TopLogging" />
    <property name="libs.restlib.javadoc" value="" />
    <property name="libs.absolutelayout.classpath" value="C:\Program Files\NetBeans-21\netbeans\java\modules\ext\AbsoluteLayout.jar" />
    <property name="do.archive" value="true" />
    <property name="libs.struts.maven-pom" value="" />
    <property name="built-jar.properties" value="D:\DropBox\Dropbox\ORT Tercer Semestre\0 - OBLIGATORIOS\Algoritmos\Entrega\SistemaAerolineas Mar2024\build\built-jar.properties" />
    <property name="nb.native.filechooser" value="false" />
    <property name="libs.testng.src" value="" />
    <property name="libs.javaee-web-api-8.0.classpath" value="C:\Program Files\NetBeans-21\netbeans\enterprise\modules\ext\javaee-web-api-8.0.jar" />
    <property name="platform.active" value="default_platform" />
    <property name="manifest.file" value="manifest.mf" />
    <property name="stderr.encoding" value="Cp1252" />
    <property name="sun.io.unicode.encoding" value="UnicodeLittle" />
    <property name="libs.struts.javadoc" value="C:\Program Files\NetBeans-21\netbeans\enterprise\docs\struts-1.3.10-javadoc.zip" />
    <property name="default.javac.source" value="22" />
    <property name="libs.javaee-web-api-8.0.javadoc" value="C:\Program Files\NetBeans-21\netbeans\enterprise\docs\javaee-doc-api.jar" />
    <property name="netbeans.dynamic.classpath" value="C:\Program Files\NetBeans-21\netbeans\platform\core\asm-9.6.jar;C:\Program Files\NetBeans-21\netbeans\platform\core\asm-commons-9.6.jar;C:\Program Files\NetBeans-21\netbeans\platform\core\asm-tree-9.6.jar;C:\Program Files\NetBeans-21\netbeans\platform\core\core-base.jar;C:\Program Files\NetBeans-21\netbeans\platform\core\core.jar;C:\Program Files\NetBeans-21\netbeans\platform\core\org-netbeans-libs-asm.jar;C:\Program Files\NetBeans-21\netbeans\platform\core\org-openide-filesystems-compat8.jar;C:\Program Files\NetBeans-21\netbeans\platform\core\org-openide-filesystems.jar;C:\Program Files\NetBeans-21\netbeans\nb\core\org-netbeans-upgrader.jar;C:\Program Files\NetBeans-21\netbeans\nb\core\locale\core_nb.jar" />
    <property name="flatlaf.nativeLibraryPath" value="system" />
    <property name="libs.eclipselinkmodelgen.classpath" value="C:\Program Files\NetBeans-21\netbeans\java\modules\ext\eclipselink\org.eclipse.persistence.jpa.modelgen.processor-2.7.12.jar" />
    <property name="netbeans.buildnumber" value="21-b15c9b7692b2764be5a997d056e2283b72ae9131" />
    <property name="php.global.include.path" value="" />
    <property name="endorsed.classpath.cmd.line.arg" value="" />
    <property name="libs.jpa20-persistence.maven-pom" value="" />
    <property name="build.sysclasspath" value="ignore" />
    <property name="os.name" value="Windows 10" />
    <property name="libs.CopyLibs.maven-pom" value="" />
    <property name="libs.jakartaee-api-8.0.maven-pom" value="" />
    <property name="jdkBug6558476" value="false" />
    <property name="ant.file.type.SistemaAerolineas_2024" value="file" />
    <property name="javadoc.author" value="false" />
    <property name="main.class" value="sistemaAutogestion.Mains" />
    <property name="libs.jsp-compilation-syscp.javadoc" value="" />
    <property name="source.encoding" value="UTF-8" />
    <property name="jar.compress" value="false" />
    <property name="libs.javaee-api-7.0.javadoc" value="C:\Program Files\NetBeans-21\netbeans\enterprise\docs\javaee-doc-api.jar" />
    <property name="flatlaf.updateUIOnSystemFontChange" value="false" />
    <property name="libs.spring-webmvc5.0.src" value="" />
    <property name="libs.jsf20.maven-pom" value="" />
    <property name="libs.restlib.classpath" value="C:\Program Files\NetBeans-21\netbeans\enterprise\modules\ext\jersey2\jakarta.annotation-api-2.1.1.jar;C:\Program Files\NetBeans-21\netbeans\enterprise\modules\ext\jersey2\jakarta.persistence-api-2.2.3.jar;C:\Program Files\NetBeans-21\netbeans\enterprise\modules\ext\jersey2\jakarta.servlet-api-4.0.4.jar;C:\Program Files\NetBeans-21\netbeans\enterprise\modules\ext\jersey2\jakarta.validation-api-2.0.2.jar;C:\Program Files\NetBeans-21\netbeans\enterprise\modules\ext\jersey2\jakarta.xml.bind-api-2.3.3.jar;C:\Program Files\NetBeans-21\netbeans\enterprise\modules\ext\jersey2\jersey-client-2.35.jar;C:\Program Files\NetBeans-21\netbeans\enterprise\modules\ext\jersey2\jersey-common-2.35.jar;C:\Program Files\NetBeans-21\netbeans\enterprise\modules\ext\jersey2\jersey-server-2.35.jar;C:\Program Files\NetBeans-21\netbeans\enterprise\modules\ext\jersey2\jersey-entity-filtering-2.35.jar;C:\Program Files\NetBeans-21\netbeans\enterprise\modules\ext\jersey2\jersey-hk2-2.35.jar;C:\Program Files\NetBeans-21\netbeans\enterprise\modules\ext\jersey2\jersey-media-moxy-2.35.jar;C:\Program Files\NetBeans-21\netbeans\enterprise\modules\ext\jersey2\jersey-container-servlet-2.35.jar;C:\Program Files\NetBeans-21\netbeans\enterprise\modules\ext\jersey2\jersey-container-servlet-core-2.35.jar;C:\Program Files\NetBeans-21\netbeans\enterprise\modules\ext\jersey2\hk2-api-2.6.1.jar;C:\Program Files\NetBeans-21\netbeans\enterprise\modules\ext\jersey2\hk2-locator-2.6.1.jar;C:\Program Files\NetBeans-21\netbeans\enterprise\modules\ext\jersey2\hk2-utils-2.6.1.jar;C:\Program Files\NetBeans-21\netbeans\enterprise\modules\ext\jersey2\jakarta.inject-2.6.1.jar;C:\Program Files\NetBeans-21\netbeans\enterprise\modules\ext\jersey2\aopalliance-repackaged-2.6.1.jar;C:\Program Files\NetBeans-21\netbeans\enterprise\modules\ext\jersey2\osgi.core-8.0.0.jar;C:\Program Files\NetBeans-21\netbeans\enterprise\modules\ext\jersey2\osgi-resource-locator-1.0.3.jar;C:\Program Files\NetBeans-21\netbeans\java\modules\ext\eclipselink\org.eclipse.persistence.core-2.7.12.jar;C:\Program Files\NetBeans-21\netbeans\java\modules\ext\eclipselink\org.eclipse.persistence.asm-9.4.0.jar;C:\Program Files\NetBeans-21\netbeans\java\modules\ext\eclipselink\org.eclipse.persistence.antlr-2.7.12.jar;C:\Program Files\NetBeans-21\netbeans\java\modules\ext\eclipselink\org.eclipse.persistence.jpa-2.7.12.jar;C:\Program Files\NetBeans-21\netbeans\java\modules\ext\eclipselink\org.eclipse.persistence.jpa.jpql-2.7.12.jar;C:\Program Files\NetBeans-21\netbeans\java\modules\ext\eclipselink\org.eclipse.persistence.moxy-2.7.12.jar" />
    <property name="libs.jakartaee-web-api-8.0.javadoc" value="C:\Program Files\NetBeans-21\netbeans\enterprise\docs\jakartaee8-doc-api.jar" />
    <property name="libs.graaljs.src" value="" />
    <property name="run.jvmargs" value="" />
    <property name="libs.primefaces.src" value="" />
    <property name="ant.file" value="D:\DropBox\Dropbox\ORT Tercer Semestre\0 - OBLIGATORIOS\Algoritmos\Entrega\SistemaAerolineas Mar2024\build.xml" />
    <property name="libs.struts.src" value="" />
    <property name="stdout.encoding" value="Cp1252" />
    <property name="path.separator" value=";" />
    <property name="libs.JAXB-ENDORSED.classpath" value="C:\Program Files\NetBeans-21\netbeans\ide\modules\ext\jaxb\api\jaxb-api.jar" />
    <property name="libs.restlib.src" value="" />
    <property name="build.test.results.dir" value="build/test/results" />
    <property name="libs.jaxws21.javadoc" value="C:\Program Files\NetBeans-21\netbeans\java\docs\jaxws-api-doc.zip" />
    <property name="libs.javaee-endorsed-api-6.0.javadoc" value="C:\Program Files\NetBeans-21\netbeans\enterprise\docs\javaee-doc-api.jar" />
    <property name="libs.spring-framework400.maven-pom" value="" />
    <property name="ap.processors.internal" value="" />
    <property name="libs.jsf12.classpath" value="C:\Program Files\NetBeans-21\netbeans\enterprise\modules\ext\jsf-1_2\jsf-api.jar;C:\Program Files\NetBeans-21\netbeans\enterprise\modules\ext\jsf-1_2\jsf-impl.jar" />
    <property name="libs.spring-webmvc5.0.javadoc" value="" />
    <property name="libs.hamcrest.javadoc" value="" />
    <property name="libs.spring-framework400.javadoc" value="" />
    <property name="do.jar" value="true" />
    <property name="java.vm.info" value="mixed mode, sharing" />
    <property name="libs.primefaces.classpath" value="C:\Program Files\NetBeans-21\netbeans\enterprise\modules\ext\primefaces\primefaces-5.0.jar" />
    <property name="libs.jaxws21.maven-pom" value="" />
    <property name="run.test.classpath" value=":build/classes:C:\Program Files\NetBeans-21\netbeans\platform\modules\ext\junit-4.13.2.jar:C:\Program Files\NetBeans-21\netbeans\platform\modules\ext\hamcrest-core-1.3.jar:build/test/classes" />
    <property name="dist.jlink.output" value="dist/jlink/SistemaAerolineas_2024" />
    <property name="java.class.version" value="66.0" />
    <property name="javadoc.encoding.used" value="UTF-8" />
    <property name="src.dir" value="src" />
    <property name="debug.classpath" value=":build/classes" />
    <property name="ant.project.default-target" value="default" />
    <property name="excludes" value="" />
    <property name="libs.javaee-api-7.0.src" value="" />
    <property name="sun.jnu.encoding" value="Cp1252" />
    <property name="libs.junit_4.javadoc" value="C:\Program Files\NetBeans-21\netbeans\platform\docs\junit-4.13.2-javadoc.jar" />
    <property name="run.test.jvmargs" value="" />
    <property name="libs.spring-webmvc4.0.src" value="" />
    <property name="sun.java2d.dpiaware" value="true" />
    <property name="main.class.available" value="true" />
    <property name="libs.jsf20.javadoc" value="C:\Program Files\NetBeans-21\netbeans\enterprise\docs\javaee-doc-api.jar" />
    <property name="platforms.JDK_22.compiler" value="modern" />
    <property name="netbeans.importclass" value="org.netbeans.upgrade.AutoUpgrade" />
    <property name="netbeans.autoupdate.version" value="1.23" />
    <property name="empty.dir" value="D:\DropBox\Dropbox\ORT Tercer Semestre\0 - OBLIGATORIOS\Algoritmos\Entrega\SistemaAerolineas Mar2024\build\empty" />
    <property name="libs.jakartaee-api-10.0.classpath" value="C:\Program Files\NetBeans-21\netbeans\enterprise\modules\ext\jakarta.jakartaee-api-10.0.0.jar" />
    <property name="netbeans.user" value="C:\Users\Ryzen\AppData\Roaming\NetBeans\21" />
    <property name="file.separator" value="\" />
    <property name="line.separator" value="&#xd;&#xa;" />
    <property name="javadoc.additionalparam" value="" />
    <property name="libs.spring-webmvc5.0.classpath" value="C:\Program Files\NetBeans-21\netbeans\java\modules\ext\spring-5\spring-webmvc-5.2.9.RELEASE.jar" />
    <property name="javac.debug" value="true" />
    <property name="libs.restlib.maven-pom" value="" />
    <property name="libs.testng.classpath" value="C:\Program Files\NetBeans-21\netbeans\platform\modules\ext\testng-6.14.3.jar;C:\Program Files\NetBeans-21\netbeans\platform\modules\ext\jcommander-1.78.jar" />
    <property name="libs.jsp-compiler.src" value="" />
    <property name="user.name" value="Ryzen" />
    <property name="build.classes.dir" value="build/classes" />
    <property name="javadoc.windowtitle" value="" />
    <property name="nb.junit.single" value="false" />
    <property name="nb.internal.action.name" value="test" />
    <property name="libs.javaee-api-8.0.maven-pom" value="" />
    <property name="libs.jaxws21.src" value="" />
    <property name="libs.jakartaee-web-api-9.0.javadoc" value="C:\Program Files\NetBeans-21\netbeans\enterprise\docs\jakartaee9-doc-api.jar" />
    <property name="apple.awt.application.appearance" value="system" />
    <property name="jna.loaded" value="true" />
    <property name="libs.junit_5.maven-pom" value="" />
    <property name="libs.jpa20-persistence.javadoc" value="C:\Program Files\NetBeans-21\netbeans\java\modules\ext\docs\jakarta.persistence-2.2.3-doc.zip" />
    <property name="ant.junit.enabletestlistenerevents" value="true" />
    <property name="libs.JWSAntTasks.src" value="" />
    <property name="ant.home" value="C:\Program Files\NetBeans-21\netbeans\extide\ant" />
    <property name="libs.spring-webmvc3.0.src" value="" />
    <property name="debug.test.classpath" value=":build/classes:C:\Program Files\NetBeans-21\netbeans\platform\modules\ext\junit-4.13.2.jar:C:\Program Files\NetBeans-21\netbeans\platform\modules\ext\hamcrest-core-1.3.jar:build/test/classes" />
    <property name="have.tests" value="true" />
    <property name="javac.external.vm" value="true" />
    <property name="testng.debug.mode" value="" />
    <property name="javac.target" value="1.8" />
    <property name="ant.version" value="Apache Ant(TM) version 1.10.14 compiled on August 16 2023" />
    <property name="libs.absolutelayout.maven-pom" value="" />
    <property name="java.failonerror" value="true" />
    <property name="javac.modulepath" value="" />
    <property name="libs.spring-framework500.src" value="" />
    <property name="user.properties.file" value="C:\Users\Ryzen\AppData\Roaming\NetBeans\21\build.properties" />
    <property name="libs.javaee-api-6.0.src" value="" />
    <property name="netbeans.autoupdate.country" value="US" />
    <property name="nb.wait.for.caches" value="true" />
    <property name="platforms.JDK_22.bootclasspath" value="C:\Program Files\Java\jdk-22\!/modules/java.base/;C:\Program Files\Java\jdk-22\!/modules/java.compiler/;C:\Program Files\Java\jdk-22\!/modules/java.datatransfer/;C:\Program Files\Java\jdk-22\!/modules/java.desktop/;C:\Program Files\Java\jdk-22\!/modules/java.instrument/;C:\Program Files\Java\jdk-22\!/modules/java.logging/;C:\Program Files\Java\jdk-22\!/modules/java.management/;C:\Program Files\Java\jdk-22\!/modules/java.management.rmi/;C:\Program Files\Java\jdk-22\!/modules/java.naming/;C:\Program Files\Java\jdk-22\!/modules/java.net.http/;C:\Program Files\Java\jdk-22\!/modules/java.prefs/;C:\Program Files\Java\jdk-22\!/modules/java.rmi/;C:\Program Files\Java\jdk-22\!/modules/java.scripting/;C:\Program Files\Java\jdk-22\!/modules/java.se/;C:\Program Files\Java\jdk-22\!/modules/java.security.jgss/;C:\Program Files\Java\jdk-22\!/modules/java.security.sasl/;C:\Program Files\Java\jdk-22\!/modules/java.smartcardio/;C:\Program Files\Java\jdk-22\!/modules/java.sql/;C:\Program Files\Java\jdk-22\!/modules/java.sql.rowset/;C:\Program Files\Java\jdk-22\!/modules/java.transaction.xa/;C:\Program Files\Java\jdk-22\!/modules/java.xml/;C:\Program Files\Java\jdk-22\!/modules/java.xml.crypto/;C:\Program Files\Java\jdk-22\!/modules/jdk.accessibility/;C:\Program Files\Java\jdk-22\!/modules/jdk.attach/;C:\Program Files\Java\jdk-22\!/modules/jdk.charsets/;C:\Program Files\Java\jdk-22\!/modules/jdk.compiler/;C:\Program Files\Java\jdk-22\!/modules/jdk.crypto.cryptoki/;C:\Program Files\Java\jdk-22\!/modules/jdk.crypto.ec/;C:\Program Files\Java\jdk-22\!/modules/jdk.crypto.mscapi/;C:\Program Files\Java\jdk-22\!/modules/jdk.dynalink/;C:\Program Files\Java\jdk-22\!/modules/jdk.editpad/;C:\Program Files\Java\jdk-22\!/modules/jdk.graal.compiler/;C:\Program Files\Java\jdk-22\!/modules/jdk.graal.compiler.management/;C:\Program Files\Java\jdk-22\!/modules/jdk.hotspot.agent/;C:\Program Files\Java\jdk-22\!/modules/jdk.httpserver/;C:\Program Files\Java\jdk-22\!/modules/jdk.incubator.vector/;C:\Program Files\Java\jdk-22\!/modules/jdk.internal.ed/;C:\Program Files\Java\jdk-22\!/modules/jdk.internal.jvmstat/;C:\Program Files\Java\jdk-22\!/modules/jdk.internal.le/;C:\Program Files\Java\jdk-22\!/modules/jdk.internal.opt/;C:\Program Files\Java\jdk-22\!/modules/jdk.internal.vm.ci/;C:\Program Files\Java\jdk-22\!/modules/jdk.jartool/;C:\Program Files\Java\jdk-22\!/modules/jdk.javadoc/;C:\Program Files\Java\jdk-22\!/modules/jdk.jcmd/;C:\Program Files\Java\jdk-22\!/modules/jdk.jconsole/;C:\Program Files\Java\jdk-22\!/modules/jdk.jdeps/;C:\Program Files\Java\jdk-22\!/modules/jdk.jdi/;C:\Program Files\Java\jdk-22\!/modules/jdk.jdwp.agent/;C:\Program Files\Java\jdk-22\!/modules/jdk.jfr/;C:\Program Files\Java\jdk-22\!/modules/jdk.jlink/;C:\Program Files\Java\jdk-22\!/modules/jdk.jpackage/;C:\Program Files\Java\jdk-22\!/modules/jdk.jshell/;C:\Program Files\Java\jdk-22\!/modules/jdk.jsobject/;C:\Program Files\Java\jdk-22\!/modules/jdk.jstatd/;C:\Program Files\Java\jdk-22\!/modules/jdk.localedata/;C:\Program Files\Java\jdk-22\!/modules/jdk.management/;C:\Program Files\Java\jdk-22\!/modules/jdk.management.agent/;C:\Program Files\Java\jdk-22\!/modules/jdk.management.jfr/;C:\Program Files\Java\jdk-22\!/modules/jdk.naming.dns/;C:\Program Files\Java\jdk-22\!/modules/jdk.naming.rmi/;C:\Program Files\Java\jdk-22\!/modules/jdk.net/;C:\Program Files\Java\jdk-22\!/modules/jdk.nio.mapmode/;C:\Program Files\Java\jdk-22\!/modules/jdk.random/;C:\Program Files\Java\jdk-22\!/modules/jdk.sctp/;C:\Program Files\Java\jdk-22\!/modules/jdk.security.auth/;C:\Program Files\Java\jdk-22\!/modules/jdk.security.jgss/;C:\Program Files\Java\jdk-22\!/modules/jdk.unsupported/;C:\Program Files\Java\jdk-22\!/modules/jdk.unsupported.desktop/;C:\Program Files\Java\jdk-22\!/modules/jdk.xml.dom/;C:\Program Files\Java\jdk-22\!/modules/jdk.zipfs/" />
    <property name="java.class.path" value="D:\DropBox\Dropbox\ORT Tercer Semestre\0 - OBLIGATORIOS\Algoritmos\Entrega\SistemaAerolineas Mar2024\build\classes;C:\Program Files\NetBeans-21\netbeans\platform\modules\ext\junit-4.13.2.jar;C:\Program Files\NetBeans-21\netbeans\platform\modules\ext\hamcrest-core-1.3.jar;D:\DropBox\Dropbox\ORT Tercer Semestre\0 - OBLIGATORIOS\Algoritmos\Entrega\SistemaAerolineas Mar2024\build\test\classes;C:\Program Files\NetBeans-21\netbeans\extide\ant\lib\ant-launcher.jar;C:\Program Files\NetBeans-21\netbeans\extide\ant\lib\ant.jar;C:\Program Files\NetBeans-21\netbeans\extide\ant\lib\ant-junit.jar;C:\Program Files\NetBeans-21\netbeans\extide\ant\lib\ant-junit4.jar" />
    <property name="libs.javaee-web-api-6.0.maven-pom" value="" />
    <property name="java.vm.vendor" value="Oracle Corporation" />
    <property name="ap.supported.internal" value="true" />
    <property name="user.variant" value="" />
    <property name="netbeans.home+have.tests" value="true" />
    <property name="test.binaryexcludes" value="" />
    <property name="javac.compilerargs" value="" />
    <property name="libs.jstl.maven-pom" value="" />
    <property name="libs.jakartaee-web-api-8.0.src" value="" />
    <property name="sun.cpu.endian" value="little" />
    <property name="libs.jakartaee-api-9.0.src" value="" />
    <property name="libs.junit_4.src" value="C:\Program Files\NetBeans-21\netbeans\platform\docs\junit-4.13.2-sources.jar" />
    <property name="user.language" value="en" />
    <property name="copylibs.rebase" value="true" />
    <property name="libs.javaee-web-api-6.0.src" value="" />
    <property name="maven.defaultProjectBuilder.disableGlobalModelCache" value="true" />
    <property name="javadoc.nonavbar" value="false" />
    <property name="libs.javaee-api-8.0.src" value="" />
    <property name="ant.java.version" value="22" />
    <property name="libs.junit_4.classpath" value="C:\Program Files\NetBeans-21\netbeans\platform\modules\ext\junit-4.13.2.jar" />
    <property name="libs.jakartaee-api-9.0.javadoc" value="C:\Program Files\NetBeans-21\netbeans\enterprise\docs\jakartaee9-doc-api.jar" />
    <property name="jlink.launcher.name" value="SistemaAerolineas_2024" />
    <property name="test.binarytestincludes" value="" />
    <property name="sun.awt.keepWorkingSetOnMinimize" value="true" />
    <property name="libs.junit_4.maven-pom" value="" />
    <property name="libs.spring-webmvc5.0.maven-pom" value="" />
    <property name="libs.jsp-compiler.maven-pom" value="" />
    <property name="runtime.encoding" value="UTF-8" />
    <property name="jlink.additionalmodules" value="" />
    <property name="libs.jakartaee-web-api-10.0.javadoc" value="C:\Program Files\NetBeans-21\netbeans\enterprise\docs\jakartaee10-doc-api.jar" />
    <property name="libs.jakartaee-web-api-8.0.classpath" value="C:\Program Files\NetBeans-21\netbeans\enterprise\modules\ext\jakarta.jakartaee-web-api-8.0.0.jar" />
    <property name="javac.classpath" value="" />
    <property name="dist.jlink.dir" value="dist/jlink" />
    <property name="nb.junit.batch" value="true" />
    <property name="ant.file.SistemaAerolineas_2024-impl" value="D:\DropBox\Dropbox\ORT Tercer Semestre\0 - OBLIGATORIOS\Algoritmos\Entrega\SistemaAerolineas Mar2024\nbproject\build-impl.xml" />
    <property name="libs.jakartaee-web-api-10.0.maven-pom" value="" />
    <property name="build.test.classes.dir" value="build/test/classes" />
    <property name="libs.spring-framework300.maven-pom" value="" />
    <property name="ant.project.invoked-targets" value="test" />
    <property name="libs.jstl.classpath" value="C:\Program Files\NetBeans-21\netbeans\enterprise\modules\ext\jstl-impl.jar;C:\Program Files\NetBeans-21\netbeans\enterprise\modules\ext\jstl-api.jar" />
    <property name="ap.cmd.line.internal" value="" />
    <property name="libs.PostgreSQLDriver.src" value="" />
    <property name="java.vendor.url.bug" value="https://bugreport.java.com/bugreport/" />
    <property name="annotation.processing.source.output" value="build/generated-sources/ap-source-output" />
    <property name="libs.javaee-endorsed-api-6.0.maven-pom" value="" />
    <property name="user.dir" value="D:\DropBox\Dropbox\ORT Tercer Semestre\0 - OBLIGATORIOS\Algoritmos\Entrega\SistemaAerolineas Mar2024" />
    <property name="platform.java" value="C:\Program Files\Java\jdk-22/bin/java" />
    <property name="application.args" value="" />
    <property name="org.xml.sax.driver" value="com.sun.org.apache.xerces.internal.jaxp.SAXParserImpl$JAXPSAXParser" />
    <property name="libs.jakartaee-web-api-8.0.maven-pom" value="" />
    <property name="libs.eclipselink.src" value="" />
    <property name="java.vm.version" value="22+36-2370" />
    <property name="libs.metro.javadoc" value="C:\Program Files\NetBeans-21\netbeans\enterprise\docs\webservices-api-javadoc.jar;C:\Program Files\NetBeans-21\netbeans\enterprise\docs\webservices-extra-javadoc.jar;C:\Program Files\NetBeans-21\netbeans\enterprise\docs\webservices-extra-api-javadoc.jar;C:\Program Files\NetBeans-21\netbeans\enterprise\docs\webservices-rt-javadoc.jar;C:\Program Files\NetBeans-21\netbeans\enterprise\docs\webservices-tools-javadoc.jar" />
    <property name="libs.jakartaee-web-api-9.0.src" value="" />
    <property name="libs.jakartaee-web-api-10.0.classpath" value="C:\Program Files\NetBeans-21\netbeans\enterprise\modules\ext\jakarta.jakartaee-web-api-10.0.0.jar" />
    <property name="sun.awt.datatransfer.timeout" value="1000" />
    <property name="annotation.processing.run.all.processors" value="true" />
    <property name="libs.jakartaee-api-8.0.src" value="" />
    <property name="libs.javaee-web-api-7.0.src" value="" />
    <property name="junit.forkmode" value="perTest" />
    <property name="libs.jsp-compiler.classpath" value="C:\Program Files\NetBeans-21\netbeans\enterprise\ant\extra\jspcompile.jar" />
    <property name="libs.javaee-endorsed-api-6.0.classpath" value="C:\Program Files\NetBeans-21\netbeans\enterprise\modules\ext\javaee6-endorsed\javax.annotation.jar;C:\Program Files\NetBeans-21\netbeans\enterprise\modules\ext\javaee6-endorsed\jaxb-api-osgi.jar;C:\Program Files\NetBeans-21\netbeans\enterprise\modules\ext\javaee6-endorsed\webservices-api-osgi.jar" />
  </properties>
  <testcase classname="sistemaAutogestion.IObligatorioTest" name="testEliminarAvionOK" time="0.005" />
  <testcase classname="sistemaAutogestion.IObligatorioTest" name="testListarVuelosDeClientesOK" time="0.006">
    <failure message="expected:&lt;[AA1111-CPR|&#xa;AA2222-DEV|&#xa;AA3333-CPR|]&gt; but was:&lt;[&#xa;=== VUELOS CLIENTE MF34111 ===&#xa;&#xa;          ==CPR==&#xa;&#xa;==VUELO==&#xa;Codigo Vuelo:AA3333&#xa;Codigo Aerolinea: Aerolineas Argentinas&#xa;Codigo Avion: FLY221&#xa;=Pasajes Vendidos&#xa;Clase Economica: 0&#xa;Primera Clase: 1&#xa;&#xa;==VUELO==&#xa;Codigo Vuelo:AA1111&#xa;Codigo Aerolinea: Aerolineas Argentinas&#xa;Codigo Avion: FLY221&#xa;=Pasajes Vendidos&#xa;Clase Economica: 0&#xa;Primera Clase: 1&#xa;&#xa;&#xa;&#xa;          ===DEV===&#xa;==Cliente==&#xa;Pasaje: ==Cliente==&#xa;Pasaporte:MF34111&#xa;Nombre: Martina Fernandez&#xa;Edad: 1&#xa;&#xa;Categoria(Primera = 1/ Economica = 2): 1&#xa;Codigo Vuelo: AA2222&#xa;&#xa;]&gt;" type="junit.framework.AssertionFailedError">junit.framework.AssertionFailedError: expected:&lt;[AA1111-CPR|
AA2222-DEV|
AA3333-CPR|]&gt; but was:&lt;[
=== VUELOS CLIENTE MF34111 ===

          ==CPR==

==VUELO==
Codigo Vuelo:AA3333
Codigo Aerolinea: Aerolineas Argentinas
Codigo Avion: FLY221
=Pasajes Vendidos
Clase Economica: 0
Primera Clase: 1

==VUELO==
Codigo Vuelo:AA1111
Codigo Aerolinea: Aerolineas Argentinas
Codigo Avion: FLY221
=Pasajes Vendidos
Clase Economica: 0
Primera Clase: 1



          ===DEV===
==Cliente==
Pasaje: ==Cliente==
Pasaporte:MF34111
Nombre: Martina Fernandez
Edad: 1

Categoria(Primera = 1/ Economica = 2): 1
Codigo Vuelo: AA2222

]&gt;
	at sistemaAutogestion.IObligatorioTest.testListarVuelosDeClientesOK(IObligatorioTest.java:801)
	at java.base/jdk.internal.reflect.DirectMethodHandleAccessor.invoke(DirectMethodHandleAccessor.java:103)
</failure>
  </testcase>
  <testcase classname="sistemaAutogestion.IObligatorioTest" name="testRegistrarClienteERROR1" time="0.001" />
  <testcase classname="sistemaAutogestion.IObligatorioTest" name="testRegistrarClienteERROR2" time="0.0" />
  <testcase classname="sistemaAutogestion.IObligatorioTest" name="testRegistrarClienteERROR3" time="0.001" />
  <testcase classname="sistemaAutogestion.IObligatorioTest" name="testListarAvionesDeAerolineaOK" time="0.001">
    <failure message="expected:&lt;[AA311-21|AA345-12|]&gt; but was:&lt;[==Avion==&#xa;Codigo:AA311&#xa;Capacidad maxima: 21&#xa;&#xa;&#xa;==Avion==&#xa;Codigo:AA345&#xa;Capacidad maxima: 12&#xa;&#xa;&#xa;]&gt;" type="junit.framework.AssertionFailedError">junit.framework.AssertionFailedError: expected:&lt;[AA311-21|AA345-12|]&gt; but was:&lt;[==Avion==
Codigo:AA311
Capacidad maxima: 21


==Avion==
Codigo:AA345
Capacidad maxima: 12


]&gt;
	at sistemaAutogestion.IObligatorioTest.testListarAvionesDeAerolineaOK(IObligatorioTest.java:705)
	at java.base/jdk.internal.reflect.DirectMethodHandleAccessor.invoke(DirectMethodHandleAccessor.java:103)
</failure>
  </testcase>
  <testcase classname="sistemaAutogestion.IObligatorioTest" name="testRegistrarAvionOK" time="0.0" />
  <testcase classname="sistemaAutogestion.IObligatorioTest" name="testComprarPasajeOK" time="0.0" />
  <testcase classname="sistemaAutogestion.IObligatorioTest" name="testRegistrarClienteOK" time="0.0" />
  <testcase classname="sistemaAutogestion.IObligatorioTest" name="testListarAvionesDeAerolineaERROR1" time="0.0" />
  <testcase classname="sistemaAutogestion.IObligatorioTest" name="testEliminarAerolineaOK" time="0.0" />
  <testcase classname="sistemaAutogestion.IObligatorioTest" name="testDevolverPasajeERROR1" time="0.001" />
  <testcase classname="sistemaAutogestion.IObligatorioTest" name="testDevolverPasajeERROR2" time="0.0" />
  <testcase classname="sistemaAutogestion.IObligatorioTest" name="testDevolverPasajeERROR3" time="0.001" />
  <testcase classname="sistemaAutogestion.IObligatorioTest" name="testCrearSistemaDeGestion" time="0.056" />
  <testcase classname="sistemaAutogestion.IObligatorioTest" name="testPasajesDevueltosError1" time="0.0" />
  <testcase classname="sistemaAutogestion.IObligatorioTest" name="testCrearVueloOK" time="0.0" />
  <testcase classname="sistemaAutogestion.IObligatorioTest" name="testEliminarAvionERROR1" time="0.001" />
  <testcase classname="sistemaAutogestion.IObligatorioTest" name="testEliminarAvionERROR2" time="0.0" />
  <testcase classname="sistemaAutogestion.IObligatorioTest" name="testEliminarAvionERROR3" time="0.0" />
  <testcase classname="sistemaAutogestion.IObligatorioTest" name="testPasajesDevueltosOK" time="0.002">
    <failure message="expected:&lt;[MF34111-AA9999|&#xa;VM32132-AA1111|&#xa;CB34555-AA1111|]&gt; but was:&lt;[==Vuelos devueltos aerolineaAerolineas Argentinas ==&#xa;==Cliente==&#xa;Pasaje: ==Cliente==&#xa;Pasaporte:MF34111&#xa;Nombre: Martina Fernandez&#xa;Edad: 1&#xa;&#xa;Categoria(Primera = 1/ Economica = 2): 1&#xa;Codigo Vuelo: AA9999&#xa;&#xa;==Cliente==&#xa;Pasaje: ==Cliente==&#xa;Pasaporte:VM32132&#xa;Nombre: Veronida Miguez&#xa;Edad: 34&#xa;&#xa;Categoria(Primera = 1/ Economica = 2): 1&#xa;Codigo Vuelo: AA1111&#xa;&#xa;==Cliente==&#xa;Pasaje: ==Cliente==&#xa;Pasaporte:CB34555&#xa;Nombre: Camila Barcos&#xa;Edad: 54&#xa;&#xa;Categoria(Primera = 1/ Economica = 2): 2&#xa;Codigo Vuelo: AA1111&#xa;&#xa;]&gt;" type="junit.framework.AssertionFailedError">junit.framework.AssertionFailedError: expected:&lt;[MF34111-AA9999|
VM32132-AA1111|
CB34555-AA1111|]&gt; but was:&lt;[==Vuelos devueltos aerolineaAerolineas Argentinas ==
==Cliente==
Pasaje: ==Cliente==
Pasaporte:MF34111
Nombre: Martina Fernandez
Edad: 1

Categoria(Primera = 1/ Economica = 2): 1
Codigo Vuelo: AA9999

==Cliente==
Pasaje: ==Cliente==
Pasaporte:VM32132
Nombre: Veronida Miguez
Edad: 34

Categoria(Primera = 1/ Economica = 2): 1
Codigo Vuelo: AA1111

==Cliente==
Pasaje: ==Cliente==
Pasaporte:CB34555
Nombre: Camila Barcos
Edad: 54

Categoria(Primera = 1/ Economica = 2): 2
Codigo Vuelo: AA1111

]&gt;
	at sistemaAutogestion.IObligatorioTest.testPasajesDevueltosOK(IObligatorioTest.java:879)
	at java.base/jdk.internal.reflect.DirectMethodHandleAccessor.invoke(DirectMethodHandleAccessor.java:103)
</failure>
  </testcase>
  <testcase classname="sistemaAutogestion.IObligatorioTest" name="testRegistrarAvionERROR1" time="0.0" />
  <testcase classname="sistemaAutogestion.IObligatorioTest" name="testRegistrarAvionERROR2" time="0.0" />
  <testcase classname="sistemaAutogestion.IObligatorioTest" name="testRegistrarAvionERROR3" time="0.0" />
  <testcase classname="sistemaAutogestion.IObligatorioTest" name="testRegistrarAvionERROR4" time="0.001">
    <failure message="expected:&lt;ERROR_4&gt; but was:&lt;ERROR_1&gt;" type="junit.framework.AssertionFailedError">junit.framework.AssertionFailedError: expected:&lt;ERROR_4&gt; but was:&lt;ERROR_1&gt;
	at sistemaAutogestion.IObligatorioTest.testRegistrarAvionERROR4(IObligatorioTest.java:197)
	at java.base/jdk.internal.reflect.DirectMethodHandleAccessor.invoke(DirectMethodHandleAccessor.java:103)
</failure>
  </testcase>
  <testcase classname="sistemaAutogestion.IObligatorioTest" name="testVistaDeVueloOK" time="0.0" />
  <testcase classname="sistemaAutogestion.IObligatorioTest" name="testCrearAerolineaERROR1" time="0.0" />
  <testcase classname="sistemaAutogestion.IObligatorioTest" name="testCrearAerolineaERROR2" time="0.001" />
  <testcase classname="sistemaAutogestion.IObligatorioTest" name="testListarVuelosOK" time="0.001">
    <failure message="expected:&lt;[AA1111-Aerolineas Argentinas-FLY221-0-0-15|&#xa;AA2222-Aerolineas Argentinas-FLY221-0-0-15|&#xa;AA3333-Aerolineas Argentinas-FLY221-0-0-15|]&gt; but was:&lt;[==VUELO==&#xa;Codigo Vuelo:AA3333&#xa;Codigo Aerolinea: Aerolineas Argentinas&#xa;Codigo Avion: FLY221&#xa;=Pasajes Vendidos&#xa;Clase Economica: 0&#xa;Primera Clase: 0&#xa;&#xa;==VUELO==&#xa;Codigo Vuelo:AA2222&#xa;Codigo Aerolinea: Aerolineas Argentinas&#xa;Codigo Avion: FLY221&#xa;=Pasajes Vendidos&#xa;Clase Economica: 0&#xa;Primera Clase: 0&#xa;&#xa;==VUELO==&#xa;Codigo Vuelo:AA1111&#xa;Codigo Aerolinea: Aerolineas Argentinas&#xa;Codigo Avion: FLY221&#xa;=Pasajes Vendidos&#xa;Clase Economica: 0&#xa;Primera Clase: 0&#xa;&#xa;]&gt;" type="junit.framework.AssertionFailedError">junit.framework.AssertionFailedError: expected:&lt;[AA1111-Aerolineas Argentinas-FLY221-0-0-15|
AA2222-Aerolineas Argentinas-FLY221-0-0-15|
AA3333-Aerolineas Argentinas-FLY221-0-0-15|]&gt; but was:&lt;[==VUELO==
Codigo Vuelo:AA3333
Codigo Aerolinea: Aerolineas Argentinas
Codigo Avion: FLY221
=Pasajes Vendidos
Clase Economica: 0
Primera Clase: 0

==VUELO==
Codigo Vuelo:AA2222
Codigo Aerolinea: Aerolineas Argentinas
Codigo Avion: FLY221
=Pasajes Vendidos
Clase Economica: 0
Primera Clase: 0

==VUELO==
Codigo Vuelo:AA1111
Codigo Aerolinea: Aerolineas Argentinas
Codigo Avion: FLY221
=Pasajes Vendidos
Clase Economica: 0
Primera Clase: 0

]&gt;
	at sistemaAutogestion.IObligatorioTest.testListarVuelosOK(IObligatorioTest.java:758)
	at java.base/jdk.internal.reflect.DirectMethodHandleAccessor.invoke(DirectMethodHandleAccessor.java:103)
</failure>
  </testcase>
  <testcase classname="sistemaAutogestion.IObligatorioTest" name="testListarVuelosDeClientesERROR1" time="0.001" />
  <testcase classname="sistemaAutogestion.IObligatorioTest" name="testCrearAerolineaOK" time="0.001" />
  <testcase classname="sistemaAutogestion.IObligatorioTest" name="testComprarPasajeERROR1" time="0.001" />
  <testcase classname="sistemaAutogestion.IObligatorioTest" name="testComprarPasajeERROR2" time="0.001" />
  <testcase classname="sistemaAutogestion.IObligatorioTest" name="testCrearVueloERROR1" time="0.001" />
  <testcase classname="sistemaAutogestion.IObligatorioTest" name="testCrearVueloERROR2" time="0.0" />
  <testcase classname="sistemaAutogestion.IObligatorioTest" name="testCrearVueloERROR3" time="0.0" />
  <testcase classname="sistemaAutogestion.IObligatorioTest" name="testCrearVueloERROR4" time="0.001">
    <failure message="expected:&lt;OK&gt; but was:&lt;ERROR_4&gt;" type="junit.framework.AssertionFailedError">junit.framework.AssertionFailedError: expected:&lt;OK&gt; but was:&lt;ERROR_4&gt;
	at sistemaAutogestion.IObligatorioTest.testCrearVueloERROR4(IObligatorioTest.java:407)
	at java.base/jdk.internal.reflect.DirectMethodHandleAccessor.invoke(DirectMethodHandleAccessor.java:103)
</failure>
  </testcase>
  <testcase classname="sistemaAutogestion.IObligatorioTest" name="testCrearVueloERROR5" time="0.001" />
  <testcase classname="sistemaAutogestion.IObligatorioTest" name="testCrearVueloERROR6" time="0.0" />
  <testcase classname="sistemaAutogestion.IObligatorioTest" name="testEliminarAerolineaERROR1" time="0.001" />
  <testcase classname="sistemaAutogestion.IObligatorioTest" name="testEliminarAerolineaERROR2" time="0.001" />
  <testcase classname="sistemaAutogestion.IObligatorioTest" name="testListarClienteOK" time="0.089">
    <failure message="expected:&lt;[CB34555-Camila Barcos-54|&#xa;AM11111-Alfonso Miguez-34|&#xa;MF34111-Martina Fernandez-1|]&gt; but was:&lt;[==Cliente==&#xa;Pasaporte:CB34555&#xa;Nombre: Camila Barcos&#xa;Edad: 54&#xa;&#xa;==Cliente==&#xa;Pasaporte:AM11111&#xa;Nombre: Alfonso Miguez&#xa;Edad: 34&#xa;&#xa;==Cliente==&#xa;Pasaporte:MF34111&#xa;Nombre: Martina Fernandez&#xa;Edad: 1&#xa;&#xa;]&gt;" type="junit.framework.AssertionFailedError">junit.framework.AssertionFailedError: expected:&lt;[CB34555-Camila Barcos-54|
AM11111-Alfonso Miguez-34|
MF34111-Martina Fernandez-1|]&gt; but was:&lt;[==Cliente==
Pasaporte:CB34555
Nombre: Camila Barcos
Edad: 54

==Cliente==
Pasaporte:AM11111
Nombre: Alfonso Miguez
Edad: 34

==Cliente==
Pasaporte:MF34111
Nombre: Martina Fernandez
Edad: 1

]&gt;
	at sistemaAutogestion.IObligatorioTest.testListarClienteOK(IObligatorioTest.java:732)
	at java.base/jdk.internal.reflect.DirectMethodHandleAccessor.invoke(DirectMethodHandleAccessor.java:103)
</failure>
  </testcase>
  <testcase classname="sistemaAutogestion.IObligatorioTest" name="testDevolverPasajeOK" time="0.001" />
  <testcase classname="sistemaAutogestion.IObligatorioTest" name="testListarAerolineasOk" time="0.001">
    <failure message="expected:&lt;[Aerolineas Argentinas-Argentina-10|&#xa;Copa Airlines-Panamá-30|&#xa;Delta Air Lines-Estados Unidos-30|&#xa;Iberia-España-20|]&gt; but was:&lt;[==Aerolinea==&#xa;Nombre:Aerolineas Argentinas&#xa;Pais: Argentina&#xa;Capacidad Aviones: 10&#xa;Cantidad Aviones: 0&#xa;&#xa;&#xa;==Aerolinea==&#xa;Nombre:Copa Airlines&#xa;Pais: Panamá&#xa;Capacidad Aviones: 30&#xa;Cantidad Aviones: 0&#xa;&#xa;&#xa;==Aerolinea==&#xa;Nombre:Delta Air Lines&#xa;Pais: Estados Unidos&#xa;Capacidad Aviones: 30&#xa;Cantidad Aviones: 0&#xa;&#xa;&#xa;==Aerolinea==&#xa;Nombre:Iberia&#xa;Pais: España&#xa;Capacidad Aviones: 20&#xa;Cantidad Aviones: 0&#xa;&#xa;&#xa;]&gt;" type="junit.framework.AssertionFailedError">junit.framework.AssertionFailedError: expected:&lt;[Aerolineas Argentinas-Argentina-10|
Copa Airlines-Panamá-30|
Delta Air Lines-Estados Unidos-30|
Iberia-España-20|]&gt; but was:&lt;[==Aerolinea==
Nombre:Aerolineas Argentinas
Pais: Argentina
Capacidad Aviones: 10
Cantidad Aviones: 0


==Aerolinea==
Nombre:Copa Airlines
Pais: Panamá
Capacidad Aviones: 30
Cantidad Aviones: 0


==Aerolinea==
Nombre:Delta Air Lines
Pais: Estados Unidos
Capacidad Aviones: 30
Cantidad Aviones: 0


==Aerolinea==
Nombre:Iberia
Pais: España
Capacidad Aviones: 20
Cantidad Aviones: 0


]&gt;
	at sistemaAutogestion.IObligatorioTest.testListarAerolineasOk(IObligatorioTest.java:682)
	at java.base/jdk.internal.reflect.DirectMethodHandleAccessor.invoke(DirectMethodHandleAccessor.java:103)
</failure>
  </testcase>
  <system-out><![CDATA[Buscar elemento en matriz, elemento: MF34111AA2222
Buscar elemento en matriz, elemento: MF34111AA1111
Buscar elemento en matriz, elemento: MF34111AA1111
Buscar elemento en matriz, elemento: MF34111AA1111
Buscar elemento en matriz, elemento: MF34111AA9999
Buscar elemento en matriz, elemento: VM32132AA1111
Buscar elemento en matriz, elemento: CB34555
Buscar elemento en matriz, elemento: MF34111AA2222
Buscar elemento en matriz, elemento: MF34111AA1111
Buscar elemento en matriz, elemento: CB34555
]]></system-out>
  <system-err><![CDATA[]]></system-err>
</testsuite>
